# JRE version: OpenJDK Runtime Environment (17.0.5+8) (build 17.0.5+8-LTS)
# Java VM: OpenJDK 64-Bit Server VM (17.0.5+8-LTS, mixed mode, sharing, tiered, compressed oops, compressed class ptrs, g1 gc, windows-amd64)
GC Precious Log:
 CPUs: 4 total, 4 available
 Memory: 3839M
 Large Page Support: Disabled
 NUMA Support: Disabled
 Compressed Oops: Enabled (32-bit)
 Heap Region Size: 1M
 Heap Min Capacity: 8M
 Heap Initial Capacity: 60M
 Heap Max Capacity: 960M
 Pre-touch: Disabled
 Parallel Workers: 4
 Concurrent Workers: 1
 Concurrent Refinement Workers: 4
 Periodic GC: Disabled
Heap:
 garbage-first heap   total 61440K, used 14839K [0x00000000c4000000, 0x0000000100000000)
  region size 1024K, 10 young (10240K), 3 survivors (3072K)
 Metaspace       used 13134K, committed 13376K, reserved 1064960K
  class space    used 1589K, committed 1728K, reserved 1048576K
GC Heap History (6 events):
Event: 1.531 GC heap before
{Heap before GC invocations=0 (full 0):
 garbage-first heap   total 61440K, used 13312K [0x00000000c4000000, 0x0000000100000000)
  region size 1024K, 13 young (13312K), 0 survivors (0K)
 Metaspace       used 3648K, committed 3840K, reserved 1056768K
  class space    used 373K, committed 512K, reserved 1048576K
}
Event: 1.542 GC heap after
{Heap after GC invocations=1 (full 0):
 garbage-first heap   total 61440K, used 6453K [0x00000000c4000000, 0x0000000100000000)
  region size 1024K, 2 young (2048K), 2 survivors (2048K)
 Metaspace       used 3648K, committed 3840K, reserved 1056768K
  class space    used 373K, committed 512K, reserved 1048576K
}
Event: 2.127 GC heap before
{Heap before GC invocations=1 (full 0):
 garbage-first heap   total 61440K, used 16693K [0x00000000c4000000, 0x0000000100000000)
  region size 1024K, 12 young (12288K), 2 survivors (2048K)
 Metaspace       used 6521K, committed 6720K, reserved 1056768K
  class space    used 767K, committed 832K, reserved 1048576K
}
Event: 2.135 GC heap after
{Heap after GC invocations=2 (full 0):
 garbage-first heap   total 61440K, used 7320K [0x00000000c4000000, 0x0000000100000000)
  region size 1024K, 1 young (1024K), 1 survivors (1024K)
 Metaspace       used 6521K, committed 6720K, reserved 1056768K
  class space    used 767K, committed 832K, reserved 1048576K
}
Event: 2.940 GC heap before
{Heap before GC invocations=2 (full 0):
 garbage-first heap   total 61440K, used 25752K [0x00000000c4000000, 0x0000000100000000)
  region size 1024K, 20 young (20480K), 1 survivors (1024K)
 Metaspace       used 11633K, committed 11840K, reserved 1064960K
  class space    used 1411K, committed 1472K, reserved 1048576K
}
Event: 2.945 GC heap after
{Heap after GC invocations=3 (full 0):
 garbage-first heap   total 61440K, used 8695K [0x00000000c4000000, 0x0000000100000000)
  region size 1024K, 3 young (3072K), 3 survivors (3072K)
 Metaspace       used 11633K, committed 11840K, reserved 1064960K
  class space    used 1411K, committed 1472K, reserved 1048576K
}

